<?xml version="1.0" encoding="UTF-8"?>
<testng-results skipped="0" failed="0" total="1" passed="1">
  <reporter-output>
  </reporter-output>
  <suite name="Default suite" duration-ms="28230" started-at="2018-05-05T00:38:33Z" finished-at="2018-05-05T00:39:01Z">
    <groups>
    </groups>
    <test name="Default test" duration-ms="28230" started-at="2018-05-05T00:38:33Z" finished-at="2018-05-05T00:39:01Z">
      <class name="automationFramework.POM_TC">
        <test-method status="PASS" signature="beforetest()[pri:0, instance:automationFramework.POM_TC@77cd7a0]" name="beforetest" is-config="true" duration-ms="10007" started-at="2018-05-04T20:38:33Z" finished-at="2018-05-04T20:38:43Z">
          <reporter-output>
          </reporter-output>
        </test-method> <!-- beforetest -->
        <test-method status="PASS" signature="run()[pri:0, instance:automationFramework.POM_TC@77cd7a0]" name="run" duration-ms="17450" started-at="2018-05-04T20:38:43Z" finished-at="2018-05-04T20:39:00Z">
          <reporter-output>
          </reporter-output>
        </test-method> <!-- run -->
        <test-method status="PASS" signature="aftertest()[pri:0, instance:automationFramework.POM_TC@77cd7a0]" name="aftertest" is-config="true" duration-ms="746" started-at="2018-05-04T20:39:00Z" finished-at="2018-05-04T20:39:01Z">
          <reporter-output>
          </reporter-output>
        </test-method> <!-- aftertest -->
      </class> <!-- automationFramework.POM_TC -->
    </test> <!-- Default test -->
  </suite> <!-- Default suite -->
</testng-results>
